<?xml version="1.0" encoding="UTF-8"?>
<testsuite xmlns:xsi="http://www.w3.org/2001/XMLSchema-instance" xsi:noNamespaceSchemaLocation="https://maven.apache.org/surefire/maven-surefire-plugin/xsd/surefire-test-report.xsd" name="io.netty.util.DefaultAttributeMapTest" time="0.016" tests="5" errors="0" skipped="0" failures="0">
  <properties>
[...]
</properties>
  <testcase name="testGetAndSetWithNull" classname="io.netty.util.DefaultAttributeMapTest" time="0.009"/>
  <testcase name="testMapExists" classname="io.netty.util.DefaultAttributeMapTest" time="0"/>
  <testcase name="testSetRemove" classname="io.netty.util.DefaultAttributeMapTest" time="0"/>
  <testcase name="testGetSetInt" classname="io.netty.util.DefaultAttributeMapTest" time="0"/>
  <testcase name="testGetSetString" classname="io.netty.util.DefaultAttributeMapTest" time="0"/>
</testsuite>